<?xml version="1.0" encoding="UTF-8" ?>
<testsuite failures="0" time="0.604" errors="0" skipped="0" tests="1" name="GroovyTest">
  <properties>
    <property name="java.runtime.name" value="Java(TM) SE Runtime Environment"/>
    <property name="sun.boot.library.path" value="/System/Library/Java/JavaVirtualMachines/1.6.0.jdk/Contents/Libraries"/>
    <property name="java.vm.version" value="20.1-b02-383"/>
    <property name="awt.nativeDoubleBuffering" value="true"/>
    <property name="gopherProxySet" value="false"/>
    <property name="mrj.build" value="11A511c"/>
    <property name="java.vm.vendor" value="Apple Inc."/>
    <property name="java.vendor.url" value="http://www.apple.com/"/>
    <property name="path.separator" value=":"/>
    <property name="java.vm.name" value="Java HotSpot(TM) 64-Bit Server VM"/>
    <property name="file.encoding.pkg" value="sun.io"/>
    <property name="user.country" value="US"/>
    <property name="sun.java.launcher" value="SUN_STANDARD"/>
    <property name="sun.os.patch.level" value="unknown"/>
    <property name="java.vm.specification.name" value="Java Virtual Machine Specification"/>
    <property name="user.dir" value="/Users/andrew/Eclipse/Workspaces/workspaceCompilerAdapter/groovy-eclipse-compiler-tests/src/it/no-java"/>
    <property name="java.runtime.version" value="1.6.0_26-b03-383-11A511c"/>
    <property name="java.awt.graphicsenv" value="apple.awt.CGraphicsEnvironment"/>
    <property name="basedir" value="/Users/andrew/Eclipse/Workspaces/workspaceCompilerAdapter/groovy-eclipse-compiler-tests/src/it/no-java"/>
    <property name="java.endorsed.dirs" value="/System/Library/Java/JavaVirtualMachines/1.6.0.jdk/Contents/Home/lib/endorsed"/>
    <property name="os.arch" value="x86_64"/>
    <property name="surefire.real.class.path" value="/Users/andrew/Eclipse/Workspaces/workspaceCompilerAdapter/groovy-eclipse-compiler-tests/src/it/no-java/target/surefire/surefirebooter6429229696791389978.jar"/>
    <property name="java.io.tmpdir" value="/var/folders/4t/xsrzqzxn0fl1lh_v7rdy553r0000gr/T/"/>
    <property name="line.separator" value="
"/>
    <property name="java.vm.specification.vendor" value="Sun Microsystems Inc."/>
    <property name="os.name" value="Mac OS X"/>
    <property name="sun.jnu.encoding" value="MacRoman"/>
    <property name="java.library.path" value="/Applications/YourKit_Java_Profiler_8.0.25.app/bin/mac:.:/Library/Java/Extensions:/System/Library/Java/Extensions:/usr/lib/java"/>
    <property name="surefire.test.class.path" value="/Users/andrew/Eclipse/Workspaces/workspaceCompilerAdapter/groovy-eclipse-compiler-tests/src/it/no-java/target/test-classes:/Users/andrew/Eclipse/Workspaces/workspaceCompilerAdapter/groovy-eclipse-compiler-tests/src/it/no-java/target/classes:/Users/andrew/.m2/repository/org/codehaus/groovy/groovy-all/1.8.0/groovy-all-1.8.0.jar:/Users/andrew/.m2/repository/junit/junit/4.8.2/junit-4.8.2.jar:"/>
    <property name="java.specification.name" value="Java Platform API Specification"/>
    <property name="java.class.version" value="50.0"/>
    <property name="sun.management.compiler" value="HotSpot 64-Bit Tiered Compilers"/>
    <property name="os.version" value="10.7.1"/>
    <property name="http.nonProxyHosts" value="local|*.local|169.254/16|*.169.254/16"/>
    <property name="user.home" value="/Users/andrew"/>
    <property name="user.timezone" value=""/>
    <property name="java.awt.printerjob" value="apple.awt.CPrinterJob"/>
    <property name="java.specification.version" value="1.6"/>
    <property name="file.encoding" value="MacRoman"/>
    <property name="user.name" value="andrew"/>
    <property name="java.class.path" value="/Users/andrew/Eclipse/Workspaces/workspaceCompilerAdapter/groovy-eclipse-compiler-tests/src/it/no-java/target/test-classes:/Users/andrew/Eclipse/Workspaces/workspaceCompilerAdapter/groovy-eclipse-compiler-tests/src/it/no-java/target/classes:/Users/andrew/.m2/repository/org/codehaus/groovy/groovy-all/1.8.0/groovy-all-1.8.0.jar:/Users/andrew/.m2/repository/junit/junit/4.8.2/junit-4.8.2.jar:"/>
    <property name="java.vm.specification.version" value="1.0"/>
    <property name="sun.arch.data.model" value="64"/>
    <property name="java.home" value="/System/Library/Java/JavaVirtualMachines/1.6.0.jdk/Contents/Home"/>
    <property name="sun.java.command" value="/Users/andrew/Eclipse/Workspaces/workspaceCompilerAdapter/groovy-eclipse-compiler-tests/src/it/no-java/target/surefire/surefirebooter6429229696791389978.jar /Users/andrew/Eclipse/Workspaces/workspaceCompilerAdapter/groovy-eclipse-compiler-tests/src/it/no-java/target/surefire/surefire7847135730152635306tmp /Users/andrew/Eclipse/Workspaces/workspaceCompilerAdapter/groovy-eclipse-compiler-tests/src/it/no-java/target/surefire/surefire1425247169279108671tmp"/>
    <property name="java.specification.vendor" value="Sun Microsystems Inc."/>
    <property name="user.language" value="en"/>
    <property name="awt.toolkit" value="apple.awt.CToolkit"/>
    <property name="java.vm.info" value="mixed mode"/>
    <property name="java.version" value="1.6.0_26"/>
    <property name="java.ext.dirs" value="/Library/Java/Extensions:/System/Library/Java/Extensions:/System/Library/Java/JavaVirtualMachines/1.6.0.jdk/Contents/Home/lib/ext"/>
    <property name="sun.boot.class.path" value="/System/Library/Java/JavaVirtualMachines/1.6.0.jdk/Contents/Classes/jsfd.jar:/System/Library/Java/JavaVirtualMachines/1.6.0.jdk/Contents/Classes/classes.jar:/System/Library/Frameworks/JavaVM.framework/Frameworks/JavaRuntimeSupport.framework/Resources/Java/JavaRuntimeSupport.jar:/System/Library/Java/JavaVirtualMachines/1.6.0.jdk/Contents/Classes/ui.jar:/System/Library/Java/JavaVirtualMachines/1.6.0.jdk/Contents/Classes/laf.jar:/System/Library/Java/JavaVirtualMachines/1.6.0.jdk/Contents/Classes/sunrsasign.jar:/System/Library/Java/JavaVirtualMachines/1.6.0.jdk/Contents/Classes/jsse.jar:/System/Library/Java/JavaVirtualMachines/1.6.0.jdk/Contents/Classes/jce.jar:/System/Library/Java/JavaVirtualMachines/1.6.0.jdk/Contents/Classes/charsets.jar"/>
    <property name="java.vendor" value="Apple Inc."/>
    <property name="localRepository" value="/Users/andrew/.m2/repository"/>
    <property name="file.separator" value="/"/>
    <property name="java.vendor.url.bug" value="http://bugreport.apple.com/"/>
    <property name="sun.cpu.endian" value="little"/>
    <property name="sun.io.unicode.encoding" value="UnicodeLittle"/>
    <property name="mrj.version" value="1070.1.6.0_26-383"/>
    <property name="socksNonProxyHosts" value="local|*.local|169.254/16|*.169.254/16"/>
    <property name="ftp.nonProxyHosts" value="local|*.local|169.254/16|*.169.254/16"/>
    <property name="sun.cpu.isalist" value=""/>
  </properties>
  <testcase time="0.52" classname="GroovyTest" name="testMethod"/>
</testsuite>