<?xml version="1.0" encoding="UTF-8" ?>
<testsuite failures="0" time="0.403" errors="0" skipped="0" tests="1" name="org.codehaus.groovy.eclipse.maven.testing.HelperTest">
  <properties>
    <property name="java.runtime.name" value="Java(TM) SE Runtime Environment"/>
    <property name="sun.boot.library.path" value="/System/Library/Java/JavaVirtualMachines/1.6.0.jdk/Contents/Libraries"/>
    <property name="java.vm.version" value="17.1-b03-307"/>
    <property name="awt.nativeDoubleBuffering" value="true"/>
    <property name="gopherProxySet" value="false"/>
    <property name="mrj.build" value="10M3261"/>
    <property name="java.vm.vendor" value="Apple Inc."/>
    <property name="java.vendor.url" value="http://www.apple.com/"/>
    <property name="path.separator" value=":"/>
    <property name="java.vm.name" value="Java HotSpot(TM) 64-Bit Server VM"/>
    <property name="file.encoding.pkg" value="sun.io"/>
    <property name="user.country" value="US"/>
    <property name="sun.java.launcher" value="SUN_STANDARD"/>
    <property name="sun.os.patch.level" value="unknown"/>
    <property name="java.vm.specification.name" value="Java Virtual Machine Specification"/>
    <property name="user.dir" value="/Users/andrew/NonEclipse/Maven/projects/gmaven/gmaven-groovy-eclipse-test"/>
    <property name="java.runtime.version" value="1.6.0_22-b04-307-10M3261"/>
    <property name="java.awt.graphicsenv" value="apple.awt.CGraphicsEnvironment"/>
    <property name="basedir" value="/Users/andrew/NonEclipse/Maven/projects/gmaven/gmaven-groovy-eclipse-test"/>
    <property name="java.endorsed.dirs" value="/System/Library/Java/JavaVirtualMachines/1.6.0.jdk/Contents/Home/lib/endorsed"/>
    <property name="os.arch" value="x86_64"/>
    <property name="surefire.real.class.path" value="/var/folders/7f/7fiQTjzhECa4Q3PDVjWZ5U+++TU/-Tmp-/surefirebooter8315062275480423945.jar"/>
    <property name="java.io.tmpdir" value="/var/folders/7f/7fiQTjzhECa4Q3PDVjWZ5U+++TU/-Tmp-/"/>
    <property name="line.separator" value="
"/>
    <property name="java.vm.specification.vendor" value="Sun Microsystems Inc."/>
    <property name="os.name" value="Mac OS X"/>
    <property name="sun.jnu.encoding" value="MacRoman"/>
    <property name="java.library.path" value="/Applications/YourKit_Java_Profiler_8.0.25.app/bin/mac:.:/Library/Java/Extensions:/System/Library/Java/Extensions:/usr/lib/java"/>
    <property name="surefire.test.class.path" value="/Users/andrew/NonEclipse/Maven/projects/gmaven/gmaven-groovy-eclipse-test/target/test-classes:/Users/andrew/NonEclipse/Maven/projects/gmaven/gmaven-groovy-eclipse-test/target/classes:/Users/andrew/.m2/repository/junit/junit/3.8.1/junit-3.8.1.jar:/Users/andrew/.m2/repository/org/codehaus/groovy/groovy/1.7.3/groovy-1.7.3.jar:/Users/andrew/.m2/repository/antlr/antlr/2.7.7/antlr-2.7.7.jar:/Users/andrew/.m2/repository/asm/asm/3.2/asm-3.2.jar:/Users/andrew/.m2/repository/asm/asm-commons/3.2/asm-commons-3.2.jar:/Users/andrew/.m2/repository/asm/asm-tree/3.2/asm-tree-3.2.jar:/Users/andrew/.m2/repository/asm/asm-util/3.2/asm-util-3.2.jar:/Users/andrew/.m2/repository/asm/asm-analysis/3.2/asm-analysis-3.2.jar:/Users/andrew/.m2/repository/org/codehaus/groovy/groovy-eclipse-compiler/0.5.1-SNAPSHOT/groovy-eclipse-compiler-0.5.1-SNAPSHOT.jar:/Users/andrew/.m2/repository/org/codehaus/groovy/groovy-eclipse-batch/0.5.1-SNAPSHOT/groovy-eclipse-batch-0.5.1-SNAPSHOT.jar:/Users/andrew/.m2/repository/org/codehaus/plexus/plexus-compiler-api/1.6/plexus-compiler-api-1.6.jar:/Users/andrew/.m2/repository/org/codehaus/plexus/plexus-utils/1.5.5/plexus-utils-1.5.5.jar:/Users/andrew/.m2/repository/org/codehaus/plexus/plexus-container-default/1.5.4/plexus-container-default-1.5.4.jar:/Users/andrew/.m2/repository/org/codehaus/plexus/plexus-classworlds/2.2.2/plexus-classworlds-2.2.2.jar:/Users/andrew/.m2/repository/org/apache/xbean/xbean-reflect/3.4/xbean-reflect-3.4.jar:/Users/andrew/.m2/repository/log4j/log4j/1.2.12/log4j-1.2.12.jar:/Users/andrew/.m2/repository/commons-logging/commons-logging-api/1.1/commons-logging-api-1.1.jar:/Users/andrew/.m2/repository/com/google/collections/google-collections/1.0/google-collections-1.0.jar:"/>
    <property name="java.specification.name" value="Java Platform API Specification"/>
    <property name="java.class.version" value="50.0"/>
    <property name="sun.management.compiler" value="HotSpot 64-Bit Server Compiler"/>
    <property name="os.version" value="10.6.6"/>
    <property name="http.nonProxyHosts" value="local|*.local|169.254/16|*.169.254/16"/>
    <property name="user.home" value="/Users/andrew"/>
    <property name="user.timezone" value=""/>
    <property name="java.awt.printerjob" value="apple.awt.CPrinterJob"/>
    <property name="java.specification.version" value="1.6"/>
    <property name="file.encoding" value="MacRoman"/>
    <property name="user.name" value="andrew"/>
    <property name="java.class.path" value="/Users/andrew/NonEclipse/Maven/projects/gmaven/gmaven-groovy-eclipse-test/target/test-classes:/Users/andrew/NonEclipse/Maven/projects/gmaven/gmaven-groovy-eclipse-test/target/classes:/Users/andrew/.m2/repository/junit/junit/3.8.1/junit-3.8.1.jar:/Users/andrew/.m2/repository/org/codehaus/groovy/groovy/1.7.3/groovy-1.7.3.jar:/Users/andrew/.m2/repository/antlr/antlr/2.7.7/antlr-2.7.7.jar:/Users/andrew/.m2/repository/asm/asm/3.2/asm-3.2.jar:/Users/andrew/.m2/repository/asm/asm-commons/3.2/asm-commons-3.2.jar:/Users/andrew/.m2/repository/asm/asm-tree/3.2/asm-tree-3.2.jar:/Users/andrew/.m2/repository/asm/asm-util/3.2/asm-util-3.2.jar:/Users/andrew/.m2/repository/asm/asm-analysis/3.2/asm-analysis-3.2.jar:/Users/andrew/.m2/repository/org/codehaus/groovy/groovy-eclipse-compiler/0.5.1-SNAPSHOT/groovy-eclipse-compiler-0.5.1-SNAPSHOT.jar:/Users/andrew/.m2/repository/org/codehaus/groovy/groovy-eclipse-batch/0.5.1-SNAPSHOT/groovy-eclipse-batch-0.5.1-SNAPSHOT.jar:/Users/andrew/.m2/repository/org/codehaus/plexus/plexus-compiler-api/1.6/plexus-compiler-api-1.6.jar:/Users/andrew/.m2/repository/org/codehaus/plexus/plexus-utils/1.5.5/plexus-utils-1.5.5.jar:/Users/andrew/.m2/repository/org/codehaus/plexus/plexus-container-default/1.5.4/plexus-container-default-1.5.4.jar:/Users/andrew/.m2/repository/org/codehaus/plexus/plexus-classworlds/2.2.2/plexus-classworlds-2.2.2.jar:/Users/andrew/.m2/repository/org/apache/xbean/xbean-reflect/3.4/xbean-reflect-3.4.jar:/Users/andrew/.m2/repository/log4j/log4j/1.2.12/log4j-1.2.12.jar:/Users/andrew/.m2/repository/commons-logging/commons-logging-api/1.1/commons-logging-api-1.1.jar:/Users/andrew/.m2/repository/com/google/collections/google-collections/1.0/google-collections-1.0.jar:"/>
    <property name="java.vm.specification.version" value="1.0"/>
    <property name="sun.arch.data.model" value="64"/>
    <property name="java.home" value="/System/Library/Java/JavaVirtualMachines/1.6.0.jdk/Contents/Home"/>
    <property name="java.specification.vendor" value="Sun Microsystems Inc."/>
    <property name="user.language" value="en"/>
    <property name="awt.toolkit" value="apple.awt.CToolkit"/>
    <property name="java.vm.info" value="mixed mode"/>
    <property name="java.version" value="1.6.0_22"/>
    <property name="java.ext.dirs" value="/Library/Java/Extensions:/System/Library/Java/Extensions:/System/Library/Java/JavaVirtualMachines/1.6.0.jdk/Contents/Home/lib/ext"/>
    <property name="sun.boot.class.path" value="/System/Library/Java/JavaVirtualMachines/1.6.0.jdk/Contents/Classes/jsfd.jar:/System/Library/Java/JavaVirtualMachines/1.6.0.jdk/Contents/Classes/classes.jar:/System/Library/Frameworks/JavaVM.framework/Frameworks/JavaRuntimeSupport.framework/Resources/Java/JavaRuntimeSupport.jar:/System/Library/Java/JavaVirtualMachines/1.6.0.jdk/Contents/Classes/ui.jar:/System/Library/Java/JavaVirtualMachines/1.6.0.jdk/Contents/Classes/laf.jar:/System/Library/Java/JavaVirtualMachines/1.6.0.jdk/Contents/Classes/sunrsasign.jar:/System/Library/Java/JavaVirtualMachines/1.6.0.jdk/Contents/Classes/jsse.jar:/System/Library/Java/JavaVirtualMachines/1.6.0.jdk/Contents/Classes/jce.jar:/System/Library/Java/JavaVirtualMachines/1.6.0.jdk/Contents/Classes/charsets.jar"/>
    <property name="java.vendor" value="Apple Inc."/>
    <property name="localRepository" value="/Users/andrew/.m2/repository"/>
    <property name="file.separator" value="/"/>
    <property name="java.vendor.url.bug" value="http://bugreport.apple.com/"/>
    <property name="sun.cpu.endian" value="little"/>
    <property name="sun.io.unicode.encoding" value="UnicodeLittle"/>
    <property name="mrj.version" value="1060.1.6.0_22-307"/>
    <property name="socksNonProxyHosts" value="local|*.local|169.254/16|*.169.254/16"/>
    <property name="ftp.nonProxyHosts" value="local|*.local|169.254/16|*.169.254/16"/>
    <property name="sun.cpu.isalist" value=""/>
  </properties>
  <testcase time="0.386" classname="org.codehaus.groovy.eclipse.maven.testing.HelperTest" name="testHelper"/>
</testsuite>